2024-10-07 07:49:26.406 [info] Log level: Info
2024-10-07 07:49:26.406 [info] Validating found git in: "git"
2024-10-07 07:49:26.406 [info] Using git "2.25.1" from "git"
2024-10-07 07:49:26.406 [info] > git rev-parse --show-toplevel [8ms]
2024-10-07 07:49:26.406 [info] > git rev-parse --git-dir --git-common-dir [3ms]
2024-10-07 07:49:26.406 [info] Open repository: /home/tanzhizheng1520/mysite/ParkEase
2024-10-07 07:49:26.406 [info] > git rev-parse --show-toplevel [12ms]
2024-10-07 07:49:26.406 [info] > git config --get commit.template [12ms]
2024-10-07 07:49:26.406 [info] > git for-each-ref --format=%(refname)%00%(upstream:short)%00%(objectname)%00%(upstream:track)%00%(upstream:remotename)%00%(upstream:remoteref) refs/heads/main refs/remotes/main [17ms]
2024-10-07 07:49:26.406 [info] > git status -z -uall [14ms]
2024-10-07 07:49:26.406 [info] > git config --get commit.template [7ms]
2024-10-07 07:49:26.406 [info] > git for-each-ref --format=%(refname)%00%(upstream:short)%00%(objectname)%00%(upstream:track)%00%(upstream:remotename)%00%(upstream:remoteref) refs/heads/main refs/remotes/main [10ms]
2024-10-07 07:49:26.406 [info] > git status -z -uall [19ms]
2024-10-07 07:49:26.977 [info] > git check-ignore -v -z --stdin [4ms]
2024-10-07 07:49:27.399 [info] > git ls-files --stage -- /home/tanzhizheng1520/mysite/ParkEase/ParkEase.py [7ms]
2024-10-07 07:49:27.404 [info] > git show --textconv :ParkEase.py [18ms]
2024-10-07 07:49:27.413 [info] > git cat-file -s ea1f61174b32d8b069ef1a7900a6618029f38c19 [9ms]
2024-10-07 07:49:45.203 [info] > git check-ignore -v -z --stdin [5ms]
2024-10-07 07:49:45.552 [info] > git show --textconv :MySQL.py [10ms]
2024-10-07 07:49:45.557 [info] > git ls-files --stage -- /home/tanzhizheng1520/mysite/ParkEase/MySQL.py [8ms]
2024-10-07 07:49:46.520 [info] > git show --textconv :ParkEase.py [12ms]
2024-10-07 07:49:46.520 [info] > git ls-files --stage -- /home/tanzhizheng1520/mysite/ParkEase/ParkEase.py [7ms]
2024-10-07 07:49:46.535 [info] > git cat-file -s ea1f61174b32d8b069ef1a7900a6618029f38c19 [9ms]
2024-10-07 07:49:48.002 [info] > git show --textconv :MySQL.py [8ms]
2024-10-07 07:49:48.008 [info] > git ls-files --stage -- /home/tanzhizheng1520/mysite/ParkEase/MySQL.py [8ms]
2024-10-07 08:16:02.074 [info] > git ls-files --stage -- /home/tanzhizheng1520/mysite/ParkEase/ParkEase.py [6ms]
2024-10-07 08:16:02.084 [info] > git show --textconv :ParkEase.py [26ms]
2024-10-07 08:16:02.095 [info] > git cat-file -s ea1f61174b32d8b069ef1a7900a6618029f38c19 [13ms]
2024-10-07 08:16:03.564 [info] > git show --textconv :MySQL.py [10ms]
2024-10-07 08:16:03.570 [info] > git ls-files --stage -- /home/tanzhizheng1520/mysite/ParkEase/MySQL.py [9ms]
2024-10-07 08:16:10.547 [info] > git show --textconv :ParkEase.py [271ms]
2024-10-07 08:16:10.621 [info] > git ls-files --stage -- /home/tanzhizheng1520/mysite/ParkEase/ParkEase.py [114ms]
2024-10-07 08:16:10.847 [info] > git cat-file -s ea1f61174b32d8b069ef1a7900a6618029f38c19 [154ms]
