*
* Visual Studio Code Server
*
* By using the software, you agree to
* the Visual Studio Code Server License Terms (https://aka.ms/vscode-server-license) and
* the Microsoft Privacy Statement (https://privacy.microsoft.com/en-US/privacystatement).
*
Server bound to 127.0.0.1:37031 (IPv4)
Extension host agent listening on 37031

[16:33:27] 




[16:33:27] Extension host agent started.
[16:33:28] [127.0.0.1][3267197d][ManagementConnection] New connection established.
[16:33:29] [127.0.0.1][714df3b0][ExtensionHostConnection] New connection established.
[16:33:29] [127.0.0.1][714df3b0][ExtensionHostConnection] <2091768> Launched Extension Host Process.
[16:33:30] [File Watcher (parcel)] Unexpected error: No such file or directory (EUNKNOWN) (path: /home/tanzhizheng1520/mysite/ParkEase)
[16:33:30] [File Watcher (universal)] restarting watcher after error: No such file or directory
[16:33:30] [File Watcher (parcel)] Unexpected error: No such file or directory (EUNKNOWN) (path: /home/tanzhizheng1520/mysite/ParkEase)
[16:33:30] [File Watcher (universal)] restarting watcher after error: No such file or directory
[16:33:30] [File Watcher (parcel)] Unexpected error: No such file or directory (EUNKNOWN) (path: /home/tanzhizheng1520/mysite/ParkEase)
[16:33:30] [File Watcher (universal)] restarting watcher after error: No such file or directory
[16:33:30] [File Watcher (parcel)] Unexpected error: No such file or directory (EUNKNOWN) (path: /home/tanzhizheng1520/mysite/ParkEase)
[16:33:30] [File Watcher (universal)] restarting watcher after error: No such file or directory
[16:33:31] [File Watcher (parcel)] Unexpected error: No such file or directory (EUNKNOWN) (path: /home/tanzhizheng1520/mysite/ParkEase)
[16:33:31] [File Watcher (universal)] restarting watcher after error: No such file or directory
[16:33:31] [File Watcher (parcel)] Unexpected error: No such file or directory (EUNKNOWN) (path: /home/tanzhizheng1520/mysite/ParkEase)
[16:33:31] [File Watcher (universal)] gave up attempting to restart watcher after error: No such file or directory
New EH opened, aborting shutdown
[16:38:27] New EH opened, aborting shutdown
